<?xml version="1.0" encoding="UTF-8"?>
<!-- Generated by org.testng.reporters.JUnitXMLReporter -->
<testsuite ignored="3" hostname="LAPTOP-RB8GKPRQ" failures="0" tests="1" name="Default test" time="3.816" errors="0" timestamp="2025-06-09T14:58:48 IST">
  <testcase classname="com.sevenrmartsupermarket.tests.AdminUsersTest" name="verifyDeleteUser" time="1.046"/>
  <testcase classname="com.sevenrmartsupermarket.tests.AdminUsersTest" name="verifyUpadateUser" time="0.0">
    <ignored/>
  </testcase> <!-- verifyUpadateUser -->
  <testcase classname="com.sevenrmartsupermarket.tests.AdminUsersTest" name="verifyUserSearch" time="0.0">
    <ignored/>
  </testcase> <!-- verifyUserSearch -->
  <testcase classname="com.sevenrmartsupermarket.tests.AdminUsersTest" name="verifyNewUserCreation" time="0.0">
    <ignored/>
  </testcase> <!-- verifyNewUserCreation -->
</testsuite> <!-- Default test -->
