<?xml version="1.0" encoding="UTF-8"?>
<!-- Generated by org.testng.reporters.JUnitXMLReporter -->
<testsuite ignored="1" hostname="LAPTOP-RB8GKPRQ" failures="0" tests="1" name="Default test" time="5.348" errors="0" timestamp="2025-06-05T20:31:50 IST">
  <testcase classname="com.sevenrmartsupermarket.tests.AdminUsersTest" name="verifyUserSearch" time="2.0"/>
  <testcase classname="com.sevenrmartsupermarket.tests.AdminUsersTest" name="verifyNewUserCreation" time="0.0">
    <ignored/>
  </testcase> <!-- verifyNewUserCreation -->
</testsuite> <!-- Default test -->
