<?xml version="1.0" encoding="UTF-8"?>
<testng-results ignored="0" total="1" passed="1" failed="0" skipped="0">
  <reporter-output>
  </reporter-output>
  <suite started-at="2025-06-05T20:31:44 IST" name="Default suite" finished-at="2025-06-05T20:31:50 IST" duration-ms="5348">
    <groups>
    </groups>
    <test started-at="2025-06-05T20:31:44 IST" name="Default test" finished-at="2025-06-05T20:31:50 IST" duration-ms="5348">
      <class name="com.sevenrmartsupermarket.tests.AdminUsersTest">
        <test-method is-config="true" signature="launchBrowser()[pri:0, instance:com.sevenrmartsupermarket.tests.AdminUsersTest@1a677343]" started-at="2025-06-05T20:31:44 IST" name="launchBrowser" finished-at="2025-06-05T20:31:48 IST" duration-ms="3229" status="PASS">
          <reporter-output>
          </reporter-output>
        </test-method> <!-- launchBrowser -->
        <test-method signature="verifyUserSearch()[pri:0, instance:com.sevenrmartsupermarket.tests.AdminUsersTest@1a677343]" started-at="2025-06-05T20:31:48 IST" name="verifyUserSearch" finished-at="2025-06-05T20:31:50 IST" duration-ms="2000" status="PASS">
          <reporter-output>
          </reporter-output>
        </test-method> <!-- verifyUserSearch -->
        <test-method is-config="true" signature="terminateBrowser(org.testng.ITestResult)[pri:0, instance:com.sevenrmartsupermarket.tests.AdminUsersTest@1a677343]" started-at="2025-06-05T20:31:50 IST" name="terminateBrowser" finished-at="2025-06-05T20:31:50 IST" duration-ms="2" status="PASS">
          <params>
            <param index="0">
              <value>
                <![CDATA[[TestResult name=verifyUserSearch status=SUCCESS method=AdminUsersTest.verifyUserSearch()[pri:0, instance:com.sevenrmartsupermarket.tests.AdminUsersTest@1a677343] output={null}]]]>
              </value>
            </param>
          </params>
          <reporter-output>
          </reporter-output>
        </test-method> <!-- terminateBrowser -->
      </class> <!-- com.sevenrmartsupermarket.tests.AdminUsersTest -->
    </test> <!-- Default test -->
  </suite> <!-- Default suite -->
</testng-results>
